  alu.cpp
  Unknown compiler version - please run the configure tests and report the results
  cacheL2.cpp
  Unknown compiler version - please run the configure tests and report the results
C:\Users\pelay\UDC\TFG\ProyectoSystemC2022\Codigo SystemC\cacheL2.cpp(64,37): warning C4244: 'argumento': conversión de 'sc_dt::uint_type' a 'const unsigned int'; posible pérdida de datos
C:\Users\pelay\UDC\TFG\ProyectoSystemC2022\Codigo SystemC\cacheL2.cpp(91,59): warning C4244: 'argumento': conversión de 'sc_dt::uint_type' a 'int'; posible pérdida de datos
C:\Users\pelay\UDC\TFG\ProyectoSystemC2022\Codigo SystemC\cacheL2.cpp(91,85): warning C4244: 'argumento': conversión de 'sc_dt::uint_type' a 'int'; posible pérdida de datos
C:\Users\pelay\UDC\TFG\ProyectoSystemC2022\Codigo SystemC\cacheL2.cpp(125,37): warning C4244: 'argumento': conversión de 'sc_dt::uint_type' a 'const unsigned int'; posible pérdida de datos
C:\Users\pelay\UDC\TFG\ProyectoSystemC2022\Codigo SystemC\cacheL2.cpp(147,63): warning C4244: 'argumento': conversión de 'sc_dt::uint_type' a 'int'; posible pérdida de datos
C:\Users\pelay\UDC\TFG\ProyectoSystemC2022\Codigo SystemC\cacheL2.cpp(147,89): warning C4244: 'argumento': conversión de 'sc_dt::uint_type' a 'int'; posible pérdida de datos
C:\Users\pelay\UDC\TFG\ProyectoSystemC2022\Codigo SystemC\cacheL2.cpp(161,38): warning C4244: 'argumento': conversión de 'sc_dt::int_type' a 'int'; posible pérdida de datos
C:\Users\pelay\UDC\TFG\ProyectoSystemC2022\Codigo SystemC\cacheL2.cpp(161,28): warning C4244: 'argumento': conversión de 'sc_dt::uint_type' a 'int'; posible pérdida de datos
C:\Users\pelay\UDC\TFG\ProyectoSystemC2022\Codigo SystemC\cacheL2.cpp(198,29): warning C4244: 'argumento': conversión de 'sc_dt::uint_type' a 'const unsigned int'; posible pérdida de datos
C:\Users\pelay\UDC\TFG\ProyectoSystemC2022\Codigo SystemC\cacheL2.cpp(221,51): warning C4244: 'argumento': conversión de 'sc_dt::int_type' a 'int'; posible pérdida de datos
C:\Users\pelay\UDC\TFG\ProyectoSystemC2022\Codigo SystemC\cacheL2.cpp(221,42): warning C4244: 'argumento': conversión de 'sc_dt::uint_type' a 'int'; posible pérdida de datos
  dataMem.cpp
  Unknown compiler version - please run the configure tests and report the results
C:\Users\pelay\UDC\TFG\ProyectoSystemC2022\Codigo SystemC\dataMem.cpp(25,23): warning C4244: 'argumento': conversión de 'sc_dt::uint_type' a 'const size_t'; posible pérdida de datos
C:\Users\pelay\UDC\TFG\ProyectoSystemC2022\Codigo SystemC\dataMem.cpp(38,27): warning C4244: 'argumento': conversión de 'sc_dt::uint_type' a 'const unsigned int'; posible pérdida de datos
C:\Users\pelay\UDC\TFG\ProyectoSystemC2022\Codigo SystemC\dataMem.cpp(42,27): warning C4244: 'argumento': conversión de 'sc_dt::uint_type' a 'const unsigned int'; posible pérdida de datos
C:\Users\pelay\UDC\TFG\ProyectoSystemC2022\Codigo SystemC\dataMem.cpp(48,34): warning C4244: 'argumento': conversión de 'sc_dt::uint_type' a 'const unsigned int'; posible pérdida de datos
C:\Users\pelay\UDC\TFG\ProyectoSystemC2022\Codigo SystemC\dataMem.cpp(72,27): warning C4244: 'argumento': conversión de 'sc_dt::uint_type' a 'const unsigned int'; posible pérdida de datos
  decod.cpp
  Unknown compiler version - please run the configure tests and report the results
C:\Users\pelay\UDC\TFG\ProyectoSystemC2022\Codigo SystemC\decod.cpp(18,15): warning C4244: 'inicializando': conversión de 'sc_dt::uint_type' a 'int'; posible pérdida de datos
C:\Users\pelay\UDC\TFG\ProyectoSystemC2022\Codigo SystemC\decod.cpp(64,17): warning C4244: 'argumento': conversión de 'sc_dt::uint_type' a 'int'; posible pérdida de datos
C:\Users\pelay\UDC\TFG\ProyectoSystemC2022\Codigo SystemC\decod.cpp(65,17): warning C4244: 'argumento': conversión de 'sc_dt::uint_type' a 'int'; posible pérdida de datos
C:\Users\pelay\UDC\TFG\ProyectoSystemC2022\Codigo SystemC\decod.cpp(257,25): warning C4244: 'argumento': conversión de 'sc_dt::uint_type' a 'int'; posible pérdida de datos
C:\Users\pelay\UDC\TFG\ProyectoSystemC2022\Codigo SystemC\decod.cpp(265,25): warning C4244: 'argumento': conversión de 'sc_dt::uint_type' a 'int'; posible pérdida de datos
  fetch.cpp
  Unknown compiler version - please run the configure tests and report the results
C:\Users\pelay\UDC\TFG\ProyectoSystemC2022\Codigo SystemC\fetch.cpp(88,27): warning C4244: 'argumento': conversión de 'sc_dt::uint_type' a 'const unsigned int'; posible pérdida de datos
C:\Users\pelay\UDC\TFG\ProyectoSystemC2022\Codigo SystemC\fetch.cpp(110,27): warning C4244: 'argumento': conversión de 'sc_dt::uint_type' a 'const unsigned int'; posible pérdida de datos
C:\Users\pelay\UDC\TFG\ProyectoSystemC2022\Codigo SystemC\fetch.cpp(114,30): warning C4244: 'argumento': conversión de 'sc_dt::uint_type' a 'const unsigned int'; posible pérdida de datos
  Generando código...
  ProyectoSystemC2022.vcxproj -> C:\Users\pelay\UDC\TFG\ProyectoSystemC2022\Debug\ProyectoSystemC2022.exe
